<?xml version="1.0" encoding="UTF-8"?>
<testsuite xmlns:xsi="http://www.w3.org/2001/XMLSchema-instance" xsi:noNamespaceSchemaLocation="https://maven.apache.org/surefire/maven-surefire-plugin/xsd/surefire-test-report.xsd" name="Final.code.TestRouter" time="0.081" tests="26" errors="0" skipped="0" failures="0">
  <properties>
    <property name="java.specification.version" value="13"/>
    <property name="sun.jnu.encoding" value="UTF-8"/>
    <property name="java.class.path" value="/Users/tombohbot/TomsGit/BohbotTom/DataStructures/Final/target/test-classes:/Users/tombohbot/TomsGit/BohbotTom/DataStructures/Final/target/classes:/Users/tombohbot/.m2/repository/junit/junit/4.11/junit-4.11.jar:/Users/tombohbot/.m2/repository/org/hamcrest/hamcrest-core/1.3/hamcrest-core-1.3.jar:"/>
    <property name="java.vm.vendor" value="Oracle Corporation"/>
    <property name="sun.arch.data.model" value="64"/>
    <property name="java.vendor.url" value="https://openjdk.java.net/"/>
    <property name="os.name" value="Mac OS X"/>
    <property name="java.vm.specification.version" value="13"/>
    <property name="sun.java.launcher" value="SUN_STANDARD"/>
    <property name="user.country" value="US"/>
    <property name="sun.boot.library.path" value="/usr/local/Cellar/openjdk/13.0.2+8_2/libexec/openjdk.jdk/Contents/Home/lib"/>
    <property name="sun.java.command" value="/Users/tombohbot/TomsGit/BohbotTom/DataStructures/Final/target/surefire/surefirebooter18445288193678517622.jar /Users/tombohbot/TomsGit/BohbotTom/DataStructures/Final/target/surefire 2020-05-26T17-04-59_289-jvmRun1 surefire12326931757255528896tmp surefire_09115224400543451543tmp"/>
    <property name="http.nonProxyHosts" value="local|*.local|169.254/16|*.169.254/16"/>
    <property name="jdk.debug" value="release"/>
    <property name="surefire.test.class.path" value="/Users/tombohbot/TomsGit/BohbotTom/DataStructures/Final/target/test-classes:/Users/tombohbot/TomsGit/BohbotTom/DataStructures/Final/target/classes:/Users/tombohbot/.m2/repository/junit/junit/4.11/junit-4.11.jar:/Users/tombohbot/.m2/repository/org/hamcrest/hamcrest-core/1.3/hamcrest-core-1.3.jar:"/>
    <property name="sun.cpu.endian" value="little"/>
    <property name="user.home" value="/Users/tombohbot"/>
    <property name="user.language" value="en"/>
    <property name="java.specification.vendor" value="Oracle Corporation"/>
    <property name="java.version.date" value="2020-01-14"/>
    <property name="java.home" value="/usr/local/Cellar/openjdk/13.0.2+8_2/libexec/openjdk.jdk/Contents/Home"/>
    <property name="file.separator" value="/"/>
    <property name="basedir" value="/Users/tombohbot/TomsGit/BohbotTom/DataStructures/Final"/>
    <property name="java.vm.compressedOopsMode" value="Zero based"/>
    <property name="line.separator" value="&#10;"/>
    <property name="java.specification.name" value="Java Platform API Specification"/>
    <property name="java.vm.specification.vendor" value="Oracle Corporation"/>
    <property name="surefire.real.class.path" value="/Users/tombohbot/TomsGit/BohbotTom/DataStructures/Final/target/surefire/surefirebooter18445288193678517622.jar"/>
    <property name="sun.management.compiler" value="HotSpot 64-Bit Tiered Compilers"/>
    <property name="ftp.nonProxyHosts" value="local|*.local|169.254/16|*.169.254/16"/>
    <property name="java.runtime.version" value="13.0.2+8"/>
    <property name="user.name" value="tombohbot"/>
    <property name="path.separator" value=":"/>
    <property name="os.version" value="10.15.1"/>
    <property name="java.runtime.name" value="OpenJDK Runtime Environment"/>
    <property name="file.encoding" value="UTF-8"/>
    <property name="java.vm.name" value="OpenJDK 64-Bit Server VM"/>
    <property name="localRepository" value="/Users/tombohbot/.m2/repository"/>
    <property name="java.vendor.url.bug" value="https://bugreport.java.com/bugreport/"/>
    <property name="java.io.tmpdir" value="/var/folders/vx/h33rg46128bf5hw43n71n9sw0000gn/T/"/>
    <property name="java.version" value="13.0.2"/>
    <property name="user.dir" value="/Users/tombohbot/TomsGit/BohbotTom/DataStructures/Final"/>
    <property name="os.arch" value="x86_64"/>
    <property name="java.vm.specification.name" value="Java Virtual Machine Specification"/>
    <property name="java.library.path" value="/Users/tombohbot/Library/Java/Extensions:/Library/Java/Extensions:/Network/Library/Java/Extensions:/System/Library/Java/Extensions:/usr/lib/java:."/>
    <property name="java.vm.info" value="mixed mode, sharing"/>
    <property name="java.vendor" value="N/A"/>
    <property name="java.vm.version" value="13.0.2+8"/>
    <property name="sun.io.unicode.encoding" value="UnicodeBig"/>
    <property name="socksNonProxyHosts" value="local|*.local|169.254/16|*.169.254/16"/>
    <property name="java.class.version" value="57.0"/>
  </properties>
  <testcase name="tooManySymbolsInACIDR" classname="Final.code.TestRouter" time="0.011"/>
  <testcase name="getLongestPrefix" classname="Final.code.TestRouter" time="0"/>
  <testcase name="testBadRoute" classname="Final.code.TestRouter" time="0.002"/>
  <testcase name="emptyDumpFromCache" classname="Final.code.TestRouter" time="0.001"/>
  <testcase name="negativeSymbolsInACIDR" classname="Final.code.TestRouter" time="0"/>
  <testcase name="textThree" classname="Final.code.TestRouter" time="0.001"/>
  <testcase name="testCacheFinal" classname="Final.code.TestRouter" time="0"/>
  <testcase name="tooFewDivisionSymbolsInACIDR" classname="Final.code.TestRouter" time="0"/>
  <testcase name="putElemInCacheTestTwo" classname="Final.code.TestRouter" time="0.001"/>
  <testcase name="testCacheThroughIPRouter" classname="Final.code.TestRouter" time="0.003"/>
  <testcase name="putElemInCache" classname="Final.code.TestRouter" time="0.003"/>
  <testcase name="checkBitVectorClass" classname="Final.code.TestRouter" time="0.001"/>
  <testcase name="tryGettingNothingUsingJustFileOne" classname="Final.code.TestRouter" time="0.001"/>
  <testcase name="usingText2V2" classname="Final.code.TestRouter" time="0.002"/>
  <testcase name="usingText2V3" classname="Final.code.TestRouter" time="0.002"/>
  <testcase name="usingText2V4" classname="Final.code.TestRouter" time="0.004"/>
  <testcase name="usingText2V5" classname="Final.code.TestRouter" time="0.003"/>
  <testcase name="usingText2V6" classname="Final.code.TestRouter" time="0.002"/>
  <testcase name="putElemInCacheTestThree" classname="Final.code.TestRouter" time="0.001"/>
  <testcase name="port1Test" classname="Final.code.TestRouter" time="0.001"/>
  <testcase name="port2Test" classname="Final.code.TestRouter" time="0.001"/>
  <testcase name="usingText2" classname="Final.code.TestRouter" time="0.002"/>
  <testcase name="tooFewSymbolsInACIDR" classname="Final.code.TestRouter" time="0"/>
  <testcase name="testIpAdressClass" classname="Final.code.TestRouter" time="0.001"/>
  <testcase name="moreThanOneSlashesInACIDR" classname="Final.code.TestRouter" time="0"/>
  <testcase name="usingText2GetNothing" classname="Final.code.TestRouter" time="0.002"/>
</testsuite>