<?xml version="1.0" encoding="UTF-8" ?>
<testsuite tests="21" failures="0" name="edu.yu.cs.com1320.project.stage2.impl.DocumentStoreImplTest" time="0.479" errors="0" skipped="0">
  <properties>
    <property name="java.runtime.name" value="OpenJDK Runtime Environment"/>
    <property name="java.vm.version" value="13.0.2+8"/>
    <property name="sun.boot.library.path" value="/usr/local/Cellar/openjdk/13.0.2+8_2/libexec/openjdk.jdk/Contents/Home/lib"/>
    <property name="maven.multiModuleProjectDirectory" value="/Users/tombohbot/TomsGit/BohbotTom/DataStructures/project/stage2"/>
    <property name="java.vm.vendor" value="Oracle Corporation"/>
    <property name="java.vendor.url" value="https://openjdk.java.net/"/>
    <property name="guice.disable.misplaced.annotation.check" value="true"/>
    <property name="path.separator" value=":"/>
    <property name="java.vm.name" value="OpenJDK 64-Bit Server VM"/>
    <property name="user.country" value="US"/>
    <property name="sun.java.launcher" value="SUN_STANDARD"/>
    <property name="java.vm.specification.name" value="Java Virtual Machine Specification"/>
    <property name="user.dir" value="/Users/tombohbot/TomsGit/BohbotTom/DataStructures/project/stage2"/>
    <property name="java.vm.compressedOopsMode" value="Zero based"/>
    <property name="java.runtime.version" value="13.0.2+8"/>
    <property name="os.arch" value="x86_64"/>
    <property name="java.io.tmpdir" value="/var/folders/vx/h33rg46128bf5hw43n71n9sw0000gn/T/"/>
    <property name="line.separator" value="
"/>
    <property name="java.vm.specification.vendor" value="Oracle Corporation"/>
    <property name="os.name" value="Mac OS X"/>
    <property name="classworlds.conf" value="/usr/local/Cellar/maven/3.6.3_1/libexec/bin/m2.conf"/>
    <property name="sun.jnu.encoding" value="UTF-8"/>
    <property name="java.library.path" value="/Users/tombohbot/Library/Java/Extensions:/Library/Java/Extensions:/Network/Library/Java/Extensions:/System/Library/Java/Extensions:/usr/lib/java:."/>
    <property name="maven.conf" value="/usr/local/Cellar/maven/3.6.3_1/libexec/conf"/>
    <property name="jdk.debug" value="release"/>
    <property name="java.class.version" value="57.0"/>
    <property name="java.specification.name" value="Java Platform API Specification"/>
    <property name="sun.management.compiler" value="HotSpot 64-Bit Tiered Compilers"/>
    <property name="os.version" value="10.15.1"/>
    <property name="library.jansi.path" value="/usr/local/Cellar/maven/3.6.3_1/libexec/lib/jansi-native"/>
    <property name="http.nonProxyHosts" value="local|*.local|169.254/16|*.169.254/16"/>
    <property name="user.home" value="/Users/tombohbot"/>
    <property name="user.timezone" value="America/Los_Angeles"/>
    <property name="file.encoding" value="UTF-8"/>
    <property name="java.specification.version" value="13"/>
    <property name="user.name" value="tombohbot"/>
    <property name="java.class.path" value="/usr/local/Cellar/maven/3.6.3_1/libexec/boot/plexus-classworlds-2.6.0.jar"/>
    <property name="java.vm.specification.version" value="13"/>
    <property name="sun.arch.data.model" value="64"/>
    <property name="sun.java.command" value="org.codehaus.plexus.classworlds.launcher.Launcher test"/>
    <property name="java.home" value="/usr/local/Cellar/openjdk/13.0.2+8_2/libexec/openjdk.jdk/Contents/Home"/>
    <property name="user.language" value="en"/>
    <property name="java.specification.vendor" value="Oracle Corporation"/>
    <property name="java.vm.info" value="mixed mode, sharing"/>
    <property name="java.version" value="13.0.2"/>
    <property name="java.vendor" value="N/A"/>
    <property name="maven.home" value="/usr/local/Cellar/maven/3.6.3_1/libexec"/>
    <property name="file.separator" value="/"/>
    <property name="java.version.date" value="2020-01-14"/>
    <property name="java.vendor.url.bug" value="https://bugreport.java.com/bugreport/"/>
    <property name="sun.io.unicode.encoding" value="UnicodeBig"/>
    <property name="sun.cpu.endian" value="little"/>
    <property name="socksNonProxyHosts" value="local|*.local|169.254/16|*.169.254/16"/>
    <property name="ftp.nonProxyHosts" value="local|*.local|169.254/16|*.169.254/16"/>
  </properties>
  <testcase classname="edu.yu.cs.com1320.project.stage2.impl.DocumentStoreImplTest" name="testPutDocumentTXT" time="0.001"/>
  <testcase classname="edu.yu.cs.com1320.project.stage2.impl.DocumentStoreImplTest" name="undoNotFound" time="0.001"/>
  <testcase classname="edu.yu.cs.com1320.project.stage2.impl.DocumentStoreImplTest" name="testDeleteDocumentThatDoesntExist" time="0.001"/>
  <testcase classname="edu.yu.cs.com1320.project.stage2.impl.DocumentStoreImplTest" name="testUndo" time="0"/>
  <testcase classname="edu.yu.cs.com1320.project.stage2.impl.DocumentStoreImplTest" name="testIfInputStreamIsNullV2" time="0.001"/>
  <testcase classname="edu.yu.cs.com1320.project.stage2.impl.DocumentStoreImplTest" name="undoNothing" time="0.001"/>
  <testcase classname="edu.yu.cs.com1320.project.stage2.impl.DocumentStoreImplTest" name="testGetDocAsTextNullReturn" time="0"/>
  <testcase classname="edu.yu.cs.com1320.project.stage2.impl.DocumentStoreImplTest" name="testIfUriIsNull" time="0.001"/>
  <testcase classname="edu.yu.cs.com1320.project.stage2.impl.DocumentStoreImplTest" name="testGetDocAsText" time="0"/>
  <testcase classname="edu.yu.cs.com1320.project.stage2.impl.DocumentStoreImplTest" name="testUndoDuplicates" time="0.001"/>
  <testcase classname="edu.yu.cs.com1320.project.stage2.impl.DocumentStoreImplTest" name="testIfDocTypeIsNull" time="0"/>
  <testcase classname="edu.yu.cs.com1320.project.stage2.impl.DocumentStoreImplTest" name="testUndoNullInputStream" time="0.001"/>
  <testcase classname="edu.yu.cs.com1320.project.stage2.impl.DocumentStoreImplTest" name="undoNothingTwoV2" time="0"/>
  <testcase classname="edu.yu.cs.com1320.project.stage2.impl.DocumentStoreImplTest" name="testUndoMethod" time="0.001"/>
  <testcase classname="edu.yu.cs.com1320.project.stage2.impl.DocumentStoreImplTest" name="testUndoWhenDeletingNothing" time="0"/>
  <testcase classname="edu.yu.cs.com1320.project.stage2.impl.DocumentStoreImplTest" name="testUndoWhenNothingToDelete" time="0"/>
  <testcase classname="edu.yu.cs.com1320.project.stage2.impl.DocumentStoreImplTest" name="undoNothingTwo" time="0"/>
  <testcase classname="edu.yu.cs.com1320.project.stage2.impl.DocumentStoreImplTest" name="testUndoMethoBig" time="0.001"/>
  <testcase classname="edu.yu.cs.com1320.project.stage2.impl.DocumentStoreImplTest" name="testDeleteDocument" time="0"/>
  <testcase classname="edu.yu.cs.com1320.project.stage2.impl.DocumentStoreImplTest" name="testPutDocumentPDFNewPdf" time="0.469"/>
  <testcase classname="edu.yu.cs.com1320.project.stage2.impl.DocumentStoreImplTest" name="testIfInputStreamIsNull" time="0"/>
</testsuite>